<?xml version="1.0" encoding="utf-8"?><testsuites><testsuite name="pytest" errors="0" failures="0" skipped="9" tests="15" time="2.142" timestamp="2023-06-22T17:01:49.776732" hostname="OLI-OMEN"><testcase classname="bumpversion" name="FLAKE8" time="0.038" /><testcase classname="src.pyconverters_newsml.__init__" name="FLAKE8" time="0.000"><skipped type="pytest.skip" message="file(s) previously passed FLAKE8 checks">/home/olivier/dev/kairntech/pyconverters_newsml/.tox/report/lib/python3.8/site-packages/pytest_flake8.py:124: file(s) previously passed FLAKE8 checks</skipped></testcase><testcase classname="src.pyconverters_newsml.newsml" name="FLAKE8" time="0.077" /><testcase classname="tests.test_newsml" name="FLAKE8" time="0.192" /><testcase classname="tests.test_newsml" name="test_newsml_text" time="0.710" /><testcase classname="tests.test_newsml" name="test_newsml_pics" time="0.007" /><testcase classname="tests.test_newsml" name="test_newsml_agenda" time="0.009" /><testcase classname="tests.test_newsml" name="test_consolidate_cats" time="0.000"><skipped type="pytest.skip" message="Not a test">/home/olivier/dev/kairntech/pyconverters_newsml/tests/test_newsml.py:313: Not a test</skipped></testcase><testcase classname="tests.test_newsml" name="test_titles_lang" time="0.000"><skipped type="pytest.skip" message="Not a test">/home/olivier/dev/kairntech/pyconverters_newsml/tests/test_newsml.py:352: Not a test</skipped></testcase><testcase classname="tests.test_newsml" name="test_clean_slugs" time="0.000"><skipped type="pytest.skip" message="Not a test">/home/olivier/dev/kairntech/pyconverters_newsml/tests/test_newsml.py:402: Not a test</skipped></testcase><testcase classname="tests.test_newsml" name="test_translate_slugs" time="0.000"><skipped type="pytest.skip" message="Not a test">/home/olivier/dev/kairntech/pyconverters_newsml/tests/test_newsml.py:459: Not a test</skipped></testcase><testcase classname="tests.test_newsml" name="test_downsampling_cats" time="0.000"><skipped type="pytest.skip" message="Not a test">/home/olivier/dev/kairntech/pyconverters_newsml/tests/test_newsml.py:538: Not a test</skipped></testcase><testcase classname="tests.test_newsml" name="test_downsampling_kw" time="0.000"><skipped type="pytest.skip" message="Not a test">/home/olivier/dev/kairntech/pyconverters_newsml/tests/test_newsml.py:556: Not a test</skipped></testcase><testcase classname="tests.test_newsml" name="test_downsampling_pandemic" time="0.000"><skipped type="pytest.skip" message="Not a test">/home/olivier/dev/kairntech/pyconverters_newsml/tests/test_newsml.py:626: Not a test</skipped></testcase><testcase classname="tests.test_newsml" name="test_compute_fingerprint" time="0.000"><skipped type="pytest.skip" message="Not a test">/home/olivier/dev/kairntech/pyconverters_newsml/tests/test_newsml.py:686: Not a test</skipped></testcase></testsuite></testsuites>